<?xml version="1.0" encoding="UTF-8"?>
<!-- Generated by org.testng.reporters.JUnitXMLReporter -->
<testsuite ignored="0" hostname="arbazjalshi" failures="3" tests="11" name="PetStoreTest" time="26.407" errors="0" timestamp="2023-09-06T22:09:06 IST">
  <testcase classname="api.test.UserTests" name="testPostUser" time="3.34"/>
  <testcase classname="api.test.UserTests" name="testGetUserByName" time="1.942"/>
  <testcase classname="api.test.UserTests" name="testUpdateUser" time="4.363"/>
  <testcase classname="api.test.UserTests" name="testDeleteUser" time="1.518"/>
  <testcase classname="api.test.PetTest" name="testPostPet" time="1.566"/>
  <testcase classname="api.test.PetTest" name="testGetPetByID" time="1.513"/>
  <testcase classname="api.test.PetTest" name="testUpdatePet" time="2.507"/>
  <testcase classname="api.test.PetTest" name="testDeletePet" time="1.461"/>
  <testcase classname="api.test.StoreTest" name="testPostOrder" time="3.098">
    <failure type="java.lang.AssertionError" message="expected [200] but found [500]">
      <![CDATA[java.lang.AssertionError: expected [200] but found [500]
at api.test.StoreTest.testPostOrder(StoreTest.java:53)
at java.base/java.util.ArrayList.forEach(ArrayList.java:1511)
... Removed 34 stack frames]]>
    </failure>
  </testcase> <!-- testPostOrder -->
  <testcase classname="api.test.StoreTest" name="testGetOrderById" time="1.834">
    <failure type="java.lang.AssertionError" message="expected [200] but found [404]">
      <![CDATA[java.lang.AssertionError: expected [200] but found [404]
at api.test.StoreTest.testGetOrderById(StoreTest.java:63)
at java.base/java.util.ArrayList.forEach(ArrayList.java:1511)
... Removed 34 stack frames]]>
    </failure>
  </testcase> <!-- testGetOrderById -->
  <testcase classname="api.test.StoreTest" name="testDeleteOrder" time="2.072">
    <failure type="java.lang.AssertionError" message="expected [200] but found [404]">
      <![CDATA[java.lang.AssertionError: expected [200] but found [404]
at api.test.StoreTest.testDeleteOrder(StoreTest.java:80)
at java.base/java.util.ArrayList.forEach(ArrayList.java:1511)
... Removed 34 stack frames]]>
    </failure>
  </testcase> <!-- testDeleteOrder -->
</testsuite> <!-- PetStoreTest -->
